
{"level":"error","message":"Daman - extracting eligibility program - DOM has changed or screenshot program error.","timestamp":"2023-03-31T19:13:46.220Z"}
{"level":"error","message":"almadallah - login page - DOM has changed.","timestamp":"2023-03-31T20:10:58.066Z"}
{"level":"error","message":"almadallah - emirates ID section - DOM has changed.","timestamp":"2023-03-31T20:13:34.292Z"}
{"level":"error","message":"Sukoon - login page - DOM has changed.","timestamp":"2023-04-01T05:48:00.987Z"}
{"level":"error","message":" emirates ID section - DOM has changed.","timestamp":"2023-04-02T08:50:08.598Z"}
{"level":"error","message":" emirates ID section - DOM has changed.","timestamp":"2023-04-02T08:51:47.596Z"}
{"level":"error","message":" login - Unknown error.","timestamp":"2023-04-05T07:35:16.913Z"}
{"level":"error","message":" login - Unknown error.","timestamp":"2023-04-05T07:36:16.030Z"}
{"level":"error","message":" login - Unknown error.","timestamp":"2023-04-05T07:37:18.050Z"}
{"level":"error","message":" login - Unknown error.","timestamp":"2023-04-05T07:39:53.167Z"}
{"level":"error","message":" login - Unknown error.","timestamp":"2023-04-05T07:41:59.935Z"}
{"level":"error","message":" login - Unknown error.","timestamp":"2023-04-05T08:33:15.888Z"}
{"level":"error","message":" eligibility page - DOM has changed.","timestamp":"2023-04-05T10:02:05.320Z"}
{"level":"error","message":" eligibility page - DOM has changed.","timestamp":"2023-04-05T10:05:15.736Z"}
{"level":"error","message":" eligibility page - DOM has changed.","timestamp":"2023-04-05T10:06:14.093Z"}
{"level":"error","message":" eligibility page - DOM has changed.","timestamp":"2023-04-05T10:06:53.359Z"}
{"level":"error","message":" eligibility page - DOM has changed.","timestamp":"2023-04-05T10:07:12.233Z"}
{"level":"error","message":" eligibility page - DOM has changed.","timestamp":"2023-04-05T10:07:54.061Z"}
{"level":"error","message":" eligibility page - DOM has changed.","timestamp":"2023-04-05T10:08:56.696Z"}
{"level":"error","message":" eligibility page - DOM has changed.","timestamp":"2023-04-05T10:09:51.593Z"}
{"level":"error","message":" emirates ID section - DOM has changed.","timestamp":"2023-04-05T11:00:04.576Z"}
{"level":"error","message":" emirates ID section - DOM has changed.","timestamp":"2023-04-05T11:01:05.777Z"}
{"level":"error","message":" emirates ID section - DOM has changed.","timestamp":"2023-04-05T11:07:03.103Z"}
{"level":"error","message":" login - Unknown error.","timestamp":"2023-04-06T04:10:02.095Z"}
{"level":"error","message":" login page - DOM has changed.","timestamp":"2023-04-06T20:10:53.716Z"}
{"level":"error","message":" login page - DOM has changed.","timestamp":"2023-04-06T20:11:45.623Z"}
{"level":"error","message":" login page - DOM has changed.","timestamp":"2023-04-06T20:13:15.211Z"}
{"level":"error","message":" login page - DOM has changed.","timestamp":"2023-04-07T04:06:31.782Z"}
{"level":"error","message":" eligibility page - DOM has changed.","timestamp":"2023-04-07T04:46:14.661Z"}
{"level":"error","message":" eligibility page - DOM has changed.","timestamp":"2023-04-07T04:49:02.817Z"}
{"level":"error","message":" login - Unknown error.","timestamp":"2023-04-07T04:55:58.204Z"}
{"level":"error","message":" login - Unknown error.","timestamp":"2023-04-07T04:56:15.732Z"}
{"level":"error","message":" login - Unknown error.","timestamp":"2023-04-07T04:57:13.513Z"}
{"level":"error","message":" login - Unknown error.","timestamp":"2023-04-07T05:00:55.841Z"}
{"level":"error","message":" login - Unknown error.","timestamp":"2023-04-07T05:02:28.405Z"}
